
2023/5/5, 12:07:32 - ERROR: Download of "https://www.antbot-ai.org/media/emptystate.85a4add5.svg", referred from "/Users/guhhhhaa/Downloads/us.sitesucker.mac.sitesucker-pro/www.antbot-ai.org/index.html", failed with error code 404 (not found)

---------------------

2023/5/5, 12:08:40 - ERROR: Download of "https://www.antbot-ai.org/media/emptystate.85a4add5.svg", referred from "/Users/guhhhhaa/Downloads/us.sitesucker.mac.sitesucker-pro/www.antbot-ai.org/index.html", failed with error code 404 (not found)

---------------------

2023/5/5, 12:15:37 - ERROR: Download of "https://www.okex.com/join/10891423", referred from "/Users/guhhhhaa/Downloads/us.sitesucker.mac.sitesucker-pro/linktr.ee/anbotai.html", failed with error code -1200 (An SSL error has occurred and a secure connection to the server cannot be made.)
2023/5/5, 12:19:21 - ERROR: Download of "https://antbot.org/register?code=ZSZOWZ", referred from "/Users/guhhhhaa/Downloads/us.sitesucker.mac.sitesucker-pro/linktr.ee/anbotai.html", failed with error code -1001 (The request timed out.)
2023/5/5, 12:22:13 - ERROR: Download of "https://tiktok.com/@linktr.ee", referred from "/Users/guhhhhaa/Downloads/us.sitesucker.mac.sitesucker-pro/linktr.ee/s/about/contact/index.html", failed with error code -1001 (The request timed out.)
2023/5/5, 12:22:13 - ERROR: Download of "https://tiktok.com/@linktr.ee", referred from "/Users/guhhhhaa/Downloads/us.sitesucker.mac.sitesucker-pro/linktr.ee/s/creator/linktree-for-instagram/index.html", failed with error code -1001 (The request timed out.)
2023/5/5, 12:22:13 - ERROR: Download of "https://tiktok.com/@linktr.ee", referred from "/Users/guhhhhaa/Downloads/us.sitesucker.mac.sitesucker-pro/linktr.ee/blog/creators/index.html", failed with error code -1001 (The request timed out.)
2023/5/5, 12:22:13 - ERROR: Download of "https://tiktok.com/@linktr.ee", referred from "/Users/guhhhhaa/Downloads/us.sitesucker.mac.sitesucker-pro/linktr.ee/blog/company/index.html", failed with error code -1001 (The request timed out.)
2023/5/5, 12:22:13 - ERROR: Download of "https://tiktok.com/@linktr.ee", referred from "/Users/guhhhhaa/Downloads/us.sitesucker.mac.sitesucker-pro/linktr.ee/blog/trends/index.html", failed with error code -1001 (The request timed out.)
2023/5/5, 12:22:13 - ERROR: Download of "https://tiktok.com/@linktr.ee", referred from "/Users/guhhhhaa/Downloads/us.sitesucker.mac.sitesucker-pro/linktr.ee/s/discover/grow-followers/index.html", failed with error code -1001 (The request timed out.)
2023/5/5, 12:22:13 - ERROR: Download of "https://tiktok.com/@linktr.ee", referred from "/Users/guhhhhaa/Downloads/us.sitesucker.mac.sitesucker-pro/linktr.ee/blog/engineering/index.html", failed with error code -1001 (The request timed out.)
2023/5/5, 12:22:13 - ERROR: Download of "https://tiktok.com/@linktr.ee", referred from "/Users/guhhhhaa/Downloads/us.sitesucker.mac.sitesucker-pro/linktr.ee/s/about/trust-center/report/index.html", failed with error code -1001 (The request timed out.)
2023/5/5, 12:22:13 - ERROR: Download of "https://tiktok.com/@linktr.ee", referred from "/Users/guhhhhaa/Downloads/us.sitesucker.mac.sitesucker-pro/linktr.ee/s/discover/share-content/index.html", failed with error code -1001 (The request timed out.)
2023/5/5, 12:22:13 - ERROR: Download of "https://tiktok.com/@linktr.ee", referred from "/Users/guhhhhaa/Downloads/us.sitesucker.mac.sitesucker-pro/linktr.ee/blog/best-practices/index.html", failed with error code -1001 (The request timed out.)
2023/5/5, 12:22:13 - ERROR: Download of "https://tiktok.com/@linktr.ee", referred from "/Users/guhhhhaa/Downloads/us.sitesucker.mac.sitesucker-pro/linktr.ee/blog/index.html", failed with error code -1001 (The request timed out.)
2023/5/5, 12:22:13 - ERROR: Download of "https://tiktok.com/@linktr.ee", referred from "/Users/guhhhhaa/Downloads/us.sitesucker.mac.sitesucker-pro/linktr.ee/index﹖utm_source=marketplace&utm_medium=moreHomeCTA&utm_campaign=navexp.html", failed with error code -1001 (The request timed out.)
2023/5/5, 12:22:13 - ERROR: Download of "https://tiktok.com/@linktr.ee", referred from "/Users/guhhhhaa/Downloads/us.sitesucker.mac.sitesucker-pro/linktr.ee/blog/product-news/index.html", failed with error code -1001 (The request timed out.)
2023/5/5, 12:22:13 - ERROR: Download of "https://tiktok.com/@linktr.ee", referred from "/Users/guhhhhaa/Downloads/us.sitesucker.mac.sitesucker-pro/linktr.ee/s/privacy/index.html", failed with error code -1001 (The request timed out.)
2023/5/5, 12:22:13 - ERROR: Download of "https://tiktok.com/@linktr.ee", referred from "/Users/guhhhhaa/Downloads/us.sitesucker.mac.sitesucker-pro/linktr.ee/s/about/enterprise/index.html", failed with error code -1001 (The request timed out.)
2023/5/5, 12:22:13 - ERROR: Download of "https://tiktok.com/@linktr.ee", referred from "/Users/guhhhhaa/Downloads/us.sitesucker.mac.sitesucker-pro/linktr.ee/s/about/cookie-notice/index.html", failed with error code -1001 (The request timed out.)
2023/5/5, 12:22:13 - ERROR: Download of "https://tiktok.com/@linktr.ee", referred from "/Users/guhhhhaa/Downloads/us.sitesucker.mac.sitesucker-pro/linktr.ee/s/templates/index.html", failed with error code -1001 (The request timed out.)
2023/5/5, 12:22:13 - ERROR: Download of "https://tiktok.com/@linktr.ee", referred from "/Users/guhhhhaa/Downloads/us.sitesucker.mac.sitesucker-pro/linktr.ee/s/about/charities/index.html", failed with error code -1001 (The request timed out.)
2023/5/5, 12:22:13 - ERROR: Download of "https://tiktok.com/@linktr.ee", referred from "/Users/guhhhhaa/Downloads/us.sitesucker.mac.sitesucker-pro/linktr.ee/s/discover/make-money/index.html", failed with error code -1001 (The request timed out.)
2023/5/5, 12:22:13 - ERROR: Download of "https://tiktok.com/@linktr.ee", referred from "/Users/guhhhhaa/Downloads/us.sitesucker.mac.sitesucker-pro/linktr.ee/s/creator/linktree-for-twitter/index.html", failed with error code -1001 (The request timed out.)
2023/5/5, 12:22:13 - ERROR: Download of "https://tiktok.com/@linktr.ee", referred from "/Users/guhhhhaa/Downloads/us.sitesucker.mac.sitesucker-pro/linktr.ee/s/about/press/index.html", failed with error code -1001 (The request timed out.)
2023/5/5, 12:22:13 - ERROR: Download of "https://tiktok.com/@linktr.ee", referred from "/Users/guhhhhaa/Downloads/us.sitesucker.mac.sitesucker-pro/linktr.ee/s/creator/linktree-for-linkedin/index.html", failed with error code -1001 (The request timed out.)
2023/5/5, 12:22:13 - ERROR: Download of "https://tiktok.com/@linktr.ee", referred from "/Users/guhhhhaa/Downloads/us.sitesucker.mac.sitesucker-pro/linktr.ee/s/pricing/index.html", failed with error code -1001 (The request timed out.)
2023/5/5, 12:22:13 - ERROR: Download of "https://tiktok.com/@linktr.ee", referred from "/Users/guhhhhaa/Downloads/us.sitesucker.mac.sitesucker-pro/linktr.ee/index.html", failed with error code -1001 (The request timed out.)
2023/5/5, 12:22:13 - ERROR: Download of "https://tiktok.com/@linktr.ee", referred from "/Users/guhhhhaa/Downloads/us.sitesucker.mac.sitesucker-pro/linktr.ee/s/about/social-good/index.html", failed with error code -1001 (The request timed out.)
2023/5/5, 12:22:13 - ERROR: Download of "https://tiktok.com/@linktr.ee", referred from "/Users/guhhhhaa/Downloads/us.sitesucker.mac.sitesucker-pro/linktr.ee/s/about/trust-center/index.html", failed with error code -1001 (The request timed out.)
2023/5/5, 12:22:13 - ERROR: Download of "https://tiktok.com/@linktr.ee", referred from "/Users/guhhhhaa/Downloads/us.sitesucker.mac.sitesucker-pro/linktr.ee/creator-report/index.html", failed with error code -1001 (The request timed out.)
2023/5/5, 12:22:13 - ERROR: Download of "https://tiktok.com/@linktr.ee", referred from "/Users/guhhhhaa/Downloads/us.sitesucker.mac.sitesucker-pro/linktr.ee/s/creator/linktree-for-tiktok/index.html", failed with error code -1001 (The request timed out.)
2023/5/5, 12:22:13 - ERROR: Download of "https://tiktok.com/@linktr.ee", referred from "/Users/guhhhhaa/Downloads/us.sitesucker.mac.sitesucker-pro/linktr.ee/s/join-linktree-pro-for-free/index.html", failed with error code -1001 (The request timed out.)
2023/5/5, 12:22:13 - ERROR: Download of "https://tiktok.com/@linktr.ee", referred from "/Users/guhhhhaa/Downloads/us.sitesucker.mac.sitesucker-pro/linktr.ee/s/terms/index.html", failed with error code -1001 (The request timed out.)
2023/5/5, 12:22:13 - ERROR: Download of "https://tiktok.com/@linktr.ee", referred from "/Users/guhhhhaa/Downloads/us.sitesucker.mac.sitesucker-pro/linktr.ee/s/creator-services-program/index.html", failed with error code -1001 (The request timed out.)
2023/5/5, 12:22:13 - ERROR: Download of "https://tiktok.com/@linktr.ee", referred from "/Users/guhhhhaa/Downloads/us.sitesucker.mac.sitesucker-pro/linktr.ee/linktr.ee.html", failed with error code -1001 (The request timed out.)
2023/5/5, 12:22:13 - ERROR: Download of "https://tiktok.com/@linktr.ee", referred from "/Users/guhhhhaa/Downloads/us.sitesucker.mac.sitesucker-pro/linktr.ee/s/about/index.html", failed with error code -1001 (The request timed out.)
2023/5/5, 12:22:13 - ERROR: Download of "https://tiktok.com/@linktr.ee", referred from "/Users/guhhhhaa/Downloads/us.sitesucker.mac.sitesucker-pro/linktr.ee/s/about/careers/index.html", failed with error code -1001 (The request timed out.)
2023/5/5, 12:23:22 - ERROR: Download of "https://www.tiktok.com/@linktr.ee", referred from "/Users/guhhhhaa/Downloads/us.sitesucker.mac.sitesucker-pro/linktr.ee/marketplace/apps/tip-jar.html", failed with error code -1001 (The request timed out.)
2023/5/5, 12:23:22 - ERROR: Download of "https://www.tiktok.com/@linktr.ee", referred from "/Users/guhhhhaa/Downloads/us.sitesucker.mac.sitesucker-pro/linktr.ee/marketplace/apps/podcast.html", failed with error code -1001 (The request timed out.)
2023/5/5, 12:23:22 - ERROR: Download of "https://www.tiktok.com/@linktr.ee", referred from "/Users/guhhhhaa/Downloads/us.sitesucker.mac.sitesucker-pro/linktr.ee/marketplace/apps/facebook.html", failed with error code -1001 (The request timed out.)
2023/5/5, 12:23:22 - ERROR: Download of "https://www.tiktok.com/@linktr.ee", referred from "/Users/guhhhhaa/Downloads/us.sitesucker.mac.sitesucker-pro/linktr.ee/marketplace/apps/typeform.html", failed with error code -1001 (The request timed out.)
2023/5/5, 12:23:22 - ERROR: Download of "https://www.tiktok.com/@linktr.ee", referred from "/Users/guhhhhaa/Downloads/us.sitesucker.mac.sitesucker-pro/linktr.ee/marketplace/apps/contact-details.html", failed with error code -1001 (The request timed out.)
2023/5/5, 12:23:22 - ERROR: Download of "https://www.tiktok.com/@linktr.ee", referred from "/Users/guhhhhaa/Downloads/us.sitesucker.mac.sitesucker-pro/linktr.ee/marketplace/integrations.html", failed with error code -1001 (The request timed out.)
2023/5/5, 12:23:22 - ERROR: Download of "https://www.tiktok.com/@linktr.ee", referred from "/Users/guhhhhaa/Downloads/us.sitesucker.mac.sitesucker-pro/linktr.ee/marketplace/categories/grow-following.html", failed with error code -1001 (The request timed out.)
2023/5/5, 12:23:22 - ERROR: Download of "https://www.tiktok.com/@linktr.ee", referred from "/Users/guhhhhaa/Downloads/us.sitesucker.mac.sitesucker-pro/linktr.ee/discover/profile-directory/index.html", failed with error code -1001 (The request timed out.)
2023/5/5, 12:23:22 - ERROR: Download of "https://www.tiktok.com/@linktr.ee", referred from "/Users/guhhhhaa/Downloads/us.sitesucker.mac.sitesucker-pro/linktr.ee/marketplace/apps/tiktok.html", failed with error code -1001 (The request timed out.)
2023/5/5, 12:23:22 - ERROR: Download of "https://www.tiktok.com/@linktr.ee", referred from "/Users/guhhhhaa/Downloads/us.sitesucker.mac.sitesucker-pro/linktr.ee/marketplace/apps/pinterest.html", failed with error code -1001 (The request timed out.)
2023/5/5, 12:23:22 - ERROR: Download of "https://www.tiktok.com/@linktr.ee", referred from "/Users/guhhhhaa/Downloads/us.sitesucker.mac.sitesucker-pro/linktr.ee/marketplace/apps/twitter.html", failed with error code -1001 (The request timed out.)
2023/5/5, 12:23:22 - ERROR: Download of "https://www.tiktok.com/@linktr.ee", referred from "/Users/guhhhhaa/Downloads/us.sitesucker.mac.sitesucker-pro/linktr.ee/marketplace/apps/community.html", failed with error code -1001 (The request timed out.)
2023/5/5, 12:23:22 - ERROR: Download of "https://www.tiktok.com/@linktr.ee", referred from "/Users/guhhhhaa/Downloads/us.sitesucker.mac.sitesucker-pro/linktr.ee/marketplace/apps/soundcloud.html", failed with error code -1001 (The request timed out.)
2023/5/5, 12:23:22 - ERROR: Download of "https://www.tiktok.com/@linktr.ee", referred from "/Users/guhhhhaa/Downloads/us.sitesucker.mac.sitesucker-pro/linktr.ee/marketplace/integrations/spring.html", failed with error code -1001 (The request timed out.)
2023/5/5, 12:23:22 - ERROR: Download of "https://www.tiktok.com/@linktr.ee", referred from "/Users/guhhhhaa/Downloads/us.sitesucker.mac.sitesucker-pro/linktr.ee/marketplace/apps.html", failed with error code -1001 (The request timed out.)
2023/5/5, 12:23:22 - ERROR: Download of "https://www.tiktok.com/@linktr.ee", referred from "/Users/guhhhhaa/Downloads/us.sitesucker.mac.sitesucker-pro/linktr.ee/marketplace/integrations/paypal.html", failed with error code -1001 (The request timed out.)
2023/5/5, 12:23:22 - ERROR: Download of "https://www.tiktok.com/@linktr.ee", referred from "/Users/guhhhhaa/Downloads/us.sitesucker.mac.sitesucker-pro/linktr.ee/marketplace/developer.html", failed with error code -1001 (The request timed out.)
2023/5/5, 12:23:22 - ERROR: Download of "https://www.tiktok.com/@linktr.ee", referred from "/Users/guhhhhaa/Downloads/us.sitesucker.mac.sitesucker-pro/linktr.ee/marketplace/apps/cameo.html", failed with error code -1001 (The request timed out.)
2023/5/5, 12:23:22 - ERROR: Download of "https://www.tiktok.com/@linktr.ee", referred from "/Users/guhhhhaa/Downloads/us.sitesucker.mac.sitesucker-pro/linktr.ee/marketplace/integrations/square.html", failed with error code -1001 (The request timed out.)
2023/5/5, 12:23:22 - ERROR: Download of "https://www.tiktok.com/@linktr.ee", referred from "/Users/guhhhhaa/Downloads/us.sitesucker.mac.sitesucker-pro/linktr.ee/marketplace/apps/opensea-collection.html", failed with error code -1001 (The request timed out.)
2023/5/5, 12:23:22 - ERROR: Download of "https://www.tiktok.com/@linktr.ee", referred from "/Users/guhhhhaa/Downloads/us.sitesucker.mac.sitesucker-pro/linktr.ee/marketplace/integrations/shopify.html", failed with error code -1001 (The request timed out.)
2023/5/5, 12:23:22 - ERROR: Download of "https://www.tiktok.com/@linktr.ee", referred from "/Users/guhhhhaa/Downloads/us.sitesucker.mac.sitesucker-pro/linktr.ee/marketplace/browse.html", failed with error code -1001 (The request timed out.)
2023/5/5, 12:23:22 - ERROR: Download of "https://www.tiktok.com/@linktr.ee", referred from "/Users/guhhhhaa/Downloads/us.sitesucker.mac.sitesucker-pro/linktr.ee/marketplace/categories/share-content.html", failed with error code -1001 (The request timed out.)
2023/5/5, 12:23:22 - ERROR: Download of "https://www.tiktok.com/@linktr.ee", referred from "/Users/guhhhhaa/Downloads/us.sitesucker.mac.sitesucker-pro/linktr.ee/marketplace/integrations/tiktok.html", failed with error code -1001 (The request timed out.)
2023/5/5, 12:23:22 - ERROR: Download of "https://www.tiktok.com/@linktr.ee", referred from "/Users/guhhhhaa/Downloads/us.sitesucker.mac.sitesucker-pro/linktr.ee/marketplace/apps/audiomack.html", failed with error code -1001 (The request timed out.)
2023/5/5, 12:23:22 - ERROR: Download of "https://www.tiktok.com/@linktr.ee", referred from "/Users/guhhhhaa/Downloads/us.sitesucker.mac.sitesucker-pro/linktr.ee/marketplace/apps/contact-form.html", failed with error code -1001 (The request timed out.)
2023/5/5, 12:23:22 - ERROR: Download of "https://www.tiktok.com/@linktr.ee", referred from "/Users/guhhhhaa/Downloads/us.sitesucker.mac.sitesucker-pro/linktr.ee/marketplace/apps/bands-in-town.html", failed with error code -1001 (The request timed out.)
2023/5/5, 12:23:22 - ERROR: Download of "https://www.tiktok.com/@linktr.ee", referred from "/Users/guhhhhaa/Downloads/us.sitesucker.mac.sitesucker-pro/linktr.ee/marketplace.html", failed with error code -1001 (The request timed out.)
2023/5/5, 12:23:22 - ERROR: Download of "https://www.tiktok.com/@linktr.ee", referred from "/Users/guhhhhaa/Downloads/us.sitesucker.mac.sitesucker-pro/linktr.ee/marketplace/apps/go-fund-me.html", failed with error code -1001 (The request timed out.)
2023/5/5, 12:23:22 - ERROR: Download of "https://www.tiktok.com/@linktr.ee", referred from "/Users/guhhhhaa/Downloads/us.sitesucker.mac.sitesucker-pro/linktr.ee/marketplace/apps/reddit.html", failed with error code -1001 (The request timed out.)
2023/5/5, 12:23:22 - ERROR: Download of "https://www.tiktok.com/@linktr.ee", referred from "/Users/guhhhhaa/Downloads/us.sitesucker.mac.sitesucker-pro/linktr.ee/marketplace/categories/make-money.html", failed with error code -1001 (The request timed out.)
2023/5/5, 12:23:22 - ERROR: Download of "https://www.tiktok.com/@linktr.ee", referred from "/Users/guhhhhaa/Downloads/us.sitesucker.mac.sitesucker-pro/linktr.ee/marketplace/apps/gleam.html", failed with error code -1001 (The request timed out.)
2023/5/5, 12:23:22 - ERROR: Download of "https://www.tiktok.com/@linktr.ee", referred from "/Users/guhhhhaa/Downloads/us.sitesucker.mac.sitesucker-pro/linktr.ee/marketplace/apps/spotify.html", failed with error code -1001 (The request timed out.)
2023/5/5, 12:23:22 - ERROR: Download of "https://www.tiktok.com/@linktr.ee", referred from "/Users/guhhhhaa/Downloads/us.sitesucker.mac.sitesucker-pro/linktr.ee/marketplace/apps/youtube.html", failed with error code -1001 (The request timed out.)
2023/5/5, 12:24:32 - ERROR: Download of "https://tiktok.com/@linktr.ee", referred from "/Users/guhhhhaa/Downloads/us.sitesucker.mac.sitesucker-pro/linktr.ee/blog/tai-verdes-bio-faq/index.html", failed with error code -1001 (The request timed out.)
2023/5/5, 12:24:37 - ERROR: Download of "https://tiktok.com/@linktr.ee", referred from "/Users/guhhhhaa/Downloads/us.sitesucker.mac.sitesucker-pro/linktr.ee/blog/tash-sultana-bio-faq/index.html", failed with error code -1001 (The request timed out.)
2023/5/5, 12:24:42 - ERROR: Download of "https://tiktok.com/@linktr.ee", referred from "/Users/guhhhhaa/Downloads/us.sitesucker.mac.sitesucker-pro/linktr.ee/blog/justin-baldoni-bio-faq/index.html", failed with error code -1001 (The request timed out.)
2023/5/5, 12:24:44 - ERROR: Download of "https://tiktok.com/@linktr.ee", referred from "/Users/guhhhhaa/Downloads/us.sitesucker.mac.sitesucker-pro/linktr.ee/blog/bhad-bhabie-bio-faq/index.html", failed with error code -1001 (The request timed out.)
2023/5/5, 12:24:49 - ERROR: Download of "https://tiktok.com/@linktr.ee", referred from "/Users/guhhhhaa/Downloads/us.sitesucker.mac.sitesucker-pro/linktr.ee/blog/maya-hawke/index.html", failed with error code -1001 (The request timed out.)
2023/5/5, 12:24:52 - ERROR: Download of "https://tiktok.com/@linktr.ee", referred from "/Users/guhhhhaa/Downloads/us.sitesucker.mac.sitesucker-pro/linktr.ee/blog/caroline-polachek/index.html", failed with error code -1001 (The request timed out.)
2023/5/5, 12:24:55 - ERROR: Download of "https://tiktok.com/@linktr.ee", referred from "/Users/guhhhhaa/Downloads/us.sitesucker.mac.sitesucker-pro/linktr.ee/blog/miranda-kerr/index.html", failed with error code -1001 (The request timed out.)
2023/5/5, 12:24:56 - ERROR: Download of "https://tiktok.com/@linktr.ee", referred from "/Users/guhhhhaa/Downloads/us.sitesucker.mac.sitesucker-pro/linktr.ee/blog/heres-what-we-were-linking-to-on-linktree-in-2022/index.html", failed with error code -1001 (The request timed out.)
2023/5/5, 12:24:59 - ERROR: Download of "https://linktr.eeundefined", referred from "/Users/guhhhhaa/Downloads/us.sitesucker.mac.sitesucker-pro/linktr.ee/blog/creators/index.html", failed with error code -1200 (An SSL error has occurred and a secure connection to the server cannot be made.)
2023/5/5, 12:24:59 - ERROR: Download of "https://linktr.eeundefined", referred from "/Users/guhhhhaa/Downloads/us.sitesucker.mac.sitesucker-pro/linktr.ee/blog/trends/index.html", failed with error code -1200 (An SSL error has occurred and a secure connection to the server cannot be made.)
2023/5/5, 12:24:59 - ERROR: Download of "https://linktr.eeundefined", referred from "/Users/guhhhhaa/Downloads/us.sitesucker.mac.sitesucker-pro/linktr.ee/blog/company/index.html", failed with error code -1200 (An SSL error has occurred and a secure connection to the server cannot be made.)
2023/5/5, 12:24:59 - ERROR: Download of "https://linktr.eeundefined", referred from "/Users/guhhhhaa/Downloads/us.sitesucker.mac.sitesucker-pro/linktr.ee/blog/product-news/index.html", failed with error code -1200 (An SSL error has occurred and a secure connection to the server cannot be made.)
2023/5/5, 12:24:59 - ERROR: Download of "https://linktr.eeundefined", referred from "/Users/guhhhhaa/Downloads/us.sitesucker.mac.sitesucker-pro/linktr.ee/blog/best-practices/index.html", failed with error code -1200 (An SSL error has occurred and a secure connection to the server cannot be made.)
2023/5/5, 12:25:01 - ERROR: Download of "https://linktr.ee/blog/creators/0", referred from "/Users/guhhhhaa/Downloads/us.sitesucker.mac.sitesucker-pro/linktr.ee/blog/creators/index.html", failed with error code 404 (not found)
2023/5/5, 12:25:08 - ERROR: Download of "https://linktr.eeundefined", referred from "/Users/guhhhhaa/Downloads/us.sitesucker.mac.sitesucker-pro/linktr.ee/s/templates/health-and-fitness/index.html", failed with error code -1200 (An SSL error has occurred and a secure connection to the server cannot be made.)
2023/5/5, 12:25:09 - ERROR: Download of "https://tiktok.com/@linktr.ee", referred from "/Users/guhhhhaa/Downloads/us.sitesucker.mac.sitesucker-pro/linktr.ee/s/templates/health-and-fitness/index.html", failed with error code -1001 (The request timed out.)
2023/5/5, 12:25:09 - ERROR: Download of "https://linktr.eeundefined", referred from "/Users/guhhhhaa/Downloads/us.sitesucker.mac.sitesucker-pro/linktr.ee/blog/creators/2/index.html", failed with error code -1200 (An SSL error has occurred and a secure connection to the server cannot be made.)
2023/5/5, 12:25:09 - ERROR: Download of "https://tiktok.com/@linktr.ee", referred from "/Users/guhhhhaa/Downloads/us.sitesucker.mac.sitesucker-pro/linktr.ee/blog/creators/2/index.html", failed with error code -1001 (The request timed out.)
2023/5/5, 12:25:10 - ERROR: Download of "https://linktr.eeundefined", referred from "/Users/guhhhhaa/Downloads/us.sitesucker.mac.sitesucker-pro/linktr.ee/s/templates/influencers-and-creators/index.html", failed with error code -1200 (An SSL error has occurred and a secure connection to the server cannot be made.)
2023/5/5, 12:25:11 - ERROR: Download of "https://tiktok.com/@linktr.ee", referred from "/Users/guhhhhaa/Downloads/us.sitesucker.mac.sitesucker-pro/linktr.ee/s/templates/influencers-and-creators/index.html", failed with error code -1001 (The request timed out.)
2023/5/5, 12:25:14 - ERROR: Download of "https://linktr.eeundefined", referred from "/Users/guhhhhaa/Downloads/us.sitesucker.mac.sitesucker-pro/linktr.ee/s/templates/fashion/index.html", failed with error code -1200 (An SSL error has occurred and a secure connection to the server cannot be made.)
2023/5/5, 12:25:14 - ERROR: Download of "https://tiktok.com/@linktr.ee", referred from "/Users/guhhhhaa/Downloads/us.sitesucker.mac.sitesucker-pro/linktr.ee/s/templates/fashion/index.html", failed with error code -1001 (The request timed out.)
2023/5/5, 12:25:16 - ERROR: Download of "https://linktr.eeundefined", referred from "/Users/guhhhhaa/Downloads/us.sitesucker.mac.sitesucker-pro/linktr.ee/s/templates/music/index.html", failed with error code -1200 (An SSL error has occurred and a secure connection to the server cannot be made.)
2023/5/5, 12:25:16 - ERROR: Download of "https://linktr.eeundefined", referred from "/Users/guhhhhaa/Downloads/us.sitesucker.mac.sitesucker-pro/linktr.ee/s/templates/sports/index.html", failed with error code -1200 (An SSL error has occurred and a secure connection to the server cannot be made.)
2023/5/5, 12:25:17 - ERROR: Download of "https://linktr.eeundefined", referred from "/Users/guhhhhaa/Downloads/us.sitesucker.mac.sitesucker-pro/linktr.ee/s/templates/marketing/index.html", failed with error code -1200 (An SSL error has occurred and a secure connection to the server cannot be made.)
2023/5/5, 12:25:18 - ERROR: Download of "https://linktr.eeundefined", referred from "/Users/guhhhhaa/Downloads/us.sitesucker.mac.sitesucker-pro/linktr.ee/s/templates/social-media/index.html", failed with error code -1200 (An SSL error has occurred and a secure connection to the server cannot be made.)
2023/5/5, 12:25:18 - ERROR: Download of "https://tiktok.com/@linktr.ee", referred from "/Users/guhhhhaa/Downloads/us.sitesucker.mac.sitesucker-pro/linktr.ee/s/templates/sports/index.html", failed with error code -1001 (The request timed out.)
2023/5/5, 12:25:18 - ERROR: Download of "https://tiktok.com/@linktr.ee", referred from "/Users/guhhhhaa/Downloads/us.sitesucker.mac.sitesucker-pro/linktr.ee/s/templates/music/index.html", failed with error code -1001 (The request timed out.)
2023/5/5, 12:25:19 - ERROR: Download of "https://tiktok.com/@linktr.ee", referred from "/Users/guhhhhaa/Downloads/us.sitesucker.mac.sitesucker-pro/linktr.ee/s/templates/marketing/index.html", failed with error code -1001 (The request timed out.)
2023/5/5, 12:25:19 - ERROR: Download of "https://tiktok.com/@linktr.ee", referred from "/Users/guhhhhaa/Downloads/us.sitesucker.mac.sitesucker-pro/linktr.ee/s/templates/social-media/index.html", failed with error code -1001 (The request timed out.)
2023/5/5, 12:25:20 - ERROR: Download of "https://tiktok.com/@linktr.ee", referred from "/Users/guhhhhaa/Downloads/us.sitesucker.mac.sitesucker-pro/linktr.ee/s/templates/warburton-template/index.html", failed with error code -1001 (The request timed out.)
2023/5/5, 12:25:25 - ERROR: Download of "https://tiktok.com/@linktr.ee", referred from "/Users/guhhhhaa/Downloads/us.sitesucker.mac.sitesucker-pro/linktr.ee/s/templates/ulster-template/index.html", failed with error code -1001 (The request timed out.)
2023/5/5, 12:25:25 - ERROR: Download of "https://linktr.eeundefined", referred from "/Users/guhhhhaa/Downloads/us.sitesucker.mac.sitesucker-pro/linktr.ee/s/templates/categories/index.html", failed with error code -1200 (An SSL error has occurred and a secure connection to the server cannot be made.)
2023/5/5, 12:25:27 - ERROR: Download of "https://linktr.eeundefined", referred from "/Users/guhhhhaa/Downloads/us.sitesucker.mac.sitesucker-pro/linktr.ee/s/templates/small-business/index.html", failed with error code -1200 (An SSL error has occurred and a secure connection to the server cannot be made.)
2023/5/5, 12:25:30 - ERROR: Download of "https://tiktok.com/@linktr.ee", referred from "/Users/guhhhhaa/Downloads/us.sitesucker.mac.sitesucker-pro/linktr.ee/s/templates/small-business/index.html", failed with error code -1001 (The request timed out.)
2023/5/5, 12:25:36 - ERROR: Download of "https://tiktok.com/@linktr.ee", referred from "/Users/guhhhhaa/Downloads/us.sitesucker.mac.sitesucker-pro/linktr.ee/s/templates/categories/index.html", failed with error code -1001 (The request timed out.)
2023/5/5, 12:25:36 - ERROR: Download of "https://tiktok.com/@linktr.ee", referred from "/Users/guhhhhaa/Downloads/us.sitesucker.mac.sitesucker-pro/linktr.ee/s/templates/turner-template/index.html", failed with error code -1001 (The request timed out.)
2023/5/5, 12:25:51 - ERROR: Download of "https://tiktok.com/@linktr.ee", referred from "/Users/guhhhhaa/Downloads/us.sitesucker.mac.sitesucker-pro/linktr.ee/s/templates/throssell-template/index.html", failed with error code -1001 (The request timed out.)
2023/5/5, 12:25:51 - ERROR: Download of "https://tiktok.com/@linktr.ee", referred from "/Users/guhhhhaa/Downloads/us.sitesucker.mac.sitesucker-pro/linktr.ee/s/templates/sugden-template/index.html", failed with error code -1001 (The request timed out.)
2023/5/5, 12:26:07 - ERROR: Download of "https://tiktok.com/@linktr.ee", referred from "/Users/guhhhhaa/Downloads/us.sitesucker.mac.sitesucker-pro/linktr.ee/s/templates/stubbs-template/index.html", failed with error code -1001 (The request timed out.)
2023/5/5, 12:26:17 - ERROR: Download of "https://tiktok.com/@linktr.ee", referred from "/Users/guhhhhaa/Downloads/us.sitesucker.mac.sitesucker-pro/linktr.ee/s/templates/star-template/index.html", failed with error code -1001 (The request timed out.)
2023/5/5, 12:26:23 - ERROR: Download of "https://tiktok.com/@linktr.ee", referred from "/Users/guhhhhaa/Downloads/us.sitesucker.mac.sitesucker-pro/linktr.ee/s/templates/smythe-template/index.html", failed with error code -1001 (The request timed out.)
2023/5/5, 12:26:26 - ERROR: Download of "https://tiktok.com/@linktr.ee", referred from "/Users/guhhhhaa/Downloads/us.sitesucker.mac.sitesucker-pro/linktr.ee/s/templates/somerset-template/index.html", failed with error code -1001 (The request timed out.)
2023/5/5, 12:26:28 - ERROR: Download of "https://www.tiktok.com/@linktr.ee", referred from "/Users/guhhhhaa/Downloads/us.sitesucker.mac.sitesucker-pro/linktr.ee/marketplace/apps/tiktok-profile.html", failed with error code -1001 (The request timed out.)
2023/5/5, 12:26:46 - ERROR: Download of "https://tiktok.com/@linktr.ee", referred from "/Users/guhhhhaa/Downloads/us.sitesucker.mac.sitesucker-pro/linktr.ee/s/templates/smythe-sports-template/index.html", failed with error code -1001 (The request timed out.)
2023/5/5, 12:26:50 - ERROR: Download of "https://tiktok.com/@linktr.ee", referred from "/Users/guhhhhaa/Downloads/us.sitesucker.mac.sitesucker-pro/linktr.ee/s/templates/singers-template/index.html", failed with error code -1001 (The request timed out.)
2023/5/5, 12:26:56 - ERROR: Download of "https://tiktok.com/@linktr.ee", referred from "/Users/guhhhhaa/Downloads/us.sitesucker.mac.sitesucker-pro/linktr.ee/blog/what-are-creator-coins/index.html", failed with error code -1001 (The request timed out.)
2023/5/5, 12:27:05 - ERROR: Download of "https://tiktok.com/@linktr.ee", referred from "/Users/guhhhhaa/Downloads/us.sitesucker.mac.sitesucker-pro/linktr.ee/s/templates/sampson-template/index.html", failed with error code -1001 (The request timed out.)
2023/5/5, 12:27:19 - ERROR: Download of "https://tiktok.com/@linktr.ee", referred from "/Users/guhhhhaa/Downloads/us.sitesucker.mac.sitesucker-pro/linktr.ee/s/templates/rutledge-template/index.html", failed with error code -1001 (The request timed out.)
2023/5/5, 12:27:24 - ERROR: Download of "https://tiktok.com/@linktr.ee", referred from "/Users/guhhhhaa/Downloads/us.sitesucker.mac.sitesucker-pro/linktr.ee/blog/bio-link-tool/index.html", failed with error code -1001 (The request timed out.)
2023/5/5, 12:27:32 - ERROR: Download of "https://tiktok.com/@linktr.ee", referred from "/Users/guhhhhaa/Downloads/us.sitesucker.mac.sitesucker-pro/linktr.ee/s/templates/russell-template/index.html", failed with error code -1001 (The request timed out.)
2023/5/5, 12:27:34 - ERROR: Download of "https://tiktok.com/@linktr.ee", referred from "/Users/guhhhhaa/Downloads/us.sitesucker.mac.sitesucker-pro/linktr.ee/blog/what-is-a-qr-code/index.html", failed with error code -1001 (The request timed out.)
2023/5/5, 12:27:39 - ERROR: Download of "https://tiktok.com/@linktr.ee", referred from "/Users/guhhhhaa/Downloads/us.sitesucker.mac.sitesucker-pro/linktr.ee/s/templates/ridgway-template/index.html", failed with error code -1001 (The request timed out.)
2023/5/5, 12:27:44 - ERROR: Download of "https://tiktok.com/@linktr.ee", referred from "/Users/guhhhhaa/Downloads/us.sitesucker.mac.sitesucker-pro/linktr.ee/blog/meta-facebook-metaverse-meaning-creators-vr/index.html", failed with error code -1001 (The request timed out.)
2023/5/5, 12:27:48 - ERROR: Download of "https://tiktok.com/@linktr.ee", referred from "/Users/guhhhhaa/Downloads/us.sitesucker.mac.sitesucker-pro/linktr.ee/s/templates/presgrave-template/index.html", failed with error code -1001 (The request timed out.)
2023/5/5, 12:27:54 - ERROR: Download of "https://tiktok.com/@linktr.ee", referred from "/Users/guhhhhaa/Downloads/us.sitesucker.mac.sitesucker-pro/linktr.ee/s/templates/platypus-template/index.html", failed with error code -1001 (The request timed out.)
2023/5/5, 12:27:57 - ERROR: Download of "https://tiktok.com/@linktr.ee", referred from "/Users/guhhhhaa/Downloads/us.sitesucker.mac.sitesucker-pro/linktr.ee/blog/how-to-support-the-growing-black-winemaking-industry/index.html", failed with error code -1001 (The request timed out.)
2023/5/5, 12:28:07 - ERROR: Download of "https://tiktok.com/@linktr.ee", referred from "/Users/guhhhhaa/Downloads/us.sitesucker.mac.sitesucker-pro/linktr.ee/blog/year-of-the-tiger-2022/index.html", failed with error code -1001 (The request timed out.)
2023/5/5, 12:28:22 - ERROR: Download of "https://tiktok.com/@linktr.ee", referred from "/Users/guhhhhaa/Downloads/us.sitesucker.mac.sitesucker-pro/linktr.ee/s/templates/pender-template/index.html", failed with error code -1001 (The request timed out.)
2023/5/5, 12:28:25 - ERROR: Download of "https://tiktok.com/@linktr.ee", referred from "/Users/guhhhhaa/Downloads/us.sitesucker.mac.sitesucker-pro/linktr.ee/blog/the-great-resignation/index.html", failed with error code -1001 (The request timed out.)
2023/5/5, 12:28:31 - ERROR: Download of "https://tiktok.com/@linktr.ee", referred from "/Users/guhhhhaa/Downloads/us.sitesucker.mac.sitesucker-pro/linktr.ee/s/templates/paynes-template/index.html", failed with error code -1001 (The request timed out.)
2023/5/5, 12:28:50 - ERROR: Download of "https://tiktok.com/@linktr.ee", referred from "/Users/guhhhhaa/Downloads/us.sitesucker.mac.sitesucker-pro/linktr.ee/s/templates/oliver-template/index.html", failed with error code -1001 (The request timed out.)
2023/5/5, 12:28:50 - ERROR: Download of "https://linktr.ee/blog/trends/0", referred from "/Users/guhhhhaa/Downloads/us.sitesucker.mac.sitesucker-pro/linktr.ee/blog/trends/index.html", failed with error code 404 (not found)
2023/5/5, 12:28:53 - ERROR: Download of "https://linktr.eeundefined", referred from "/Users/guhhhhaa/Downloads/us.sitesucker.mac.sitesucker-pro/linktr.ee/blog/trends/2/index.html", failed with error code -1200 (An SSL error has occurred and a secure connection to the server cannot be made.)
2023/5/5, 12:28:54 - ERROR: Download of "https://tiktok.com/@linktr.ee", referred from "/Users/guhhhhaa/Downloads/us.sitesucker.mac.sitesucker-pro/linktr.ee/blog/trends/2/index.html", failed with error code -1001 (The request timed out.)
2023/5/5, 12:29:02 - ERROR: Download of "https://tiktok.com/@linktr.ee", referred from "/Users/guhhhhaa/Downloads/us.sitesucker.mac.sitesucker-pro/linktr.ee/s/templates/music-14-template/index.html", failed with error code -1001 (The request timed out.)

---------------------

2023/5/5, 12:29:35 - ERROR: Download of "https://rebrand.ly/okexregister", referred from "/Users/guhhhhaa/Downloads/us.sitesucker.mac.sitesucker-pro/linktr.ee/antbot.html", failed with error code -1200 (An SSL error has occurred and a secure connection to the server cannot be made.)
2023/5/5, 12:31:35 - ERROR: Download of "https://rebrand.ly/antbotregister", referred from "/Users/guhhhhaa/Downloads/us.sitesucker.mac.sitesucker-pro/linktr.ee/antbot.html", failed with error code -1001 (The request timed out.)

---------------------

2023/5/5, 12:45:13 - ERROR: URL for "mailto:support@antbot-ai.org/robots.txt" could not be created
2023/5/5, 12:45:13 - ERROR: Download of "mailto:support@antbot-ai.org", on page 1 of "/Users/guhhhhaa/Downloads/us.sitesucker.mac.sitesucker-pro/www.antbot-ai.org/index.pdf", failed with error code -1002 (unsupported URL)

---------------------

2023/5/5, 12:46:49 - ERROR: URL for "mailto:support@antbot-ai.org/robots.txt" could not be created
2023/5/5, 12:46:50 - ERROR: Download of "mailto:support@antbot-ai.org", on page 1 of "/Users/guhhhhaa/Downloads/us.sitesucker.mac.sitesucker-pro/www.antbot-ai.org/index.pdf", failed with error code -1002 (unsupported URL)

---------------------

2023/5/5, 12:47:18 - ERROR: Download of "http://webcache.googleusercontent.com/search?q=cache:http://www.goldquant.club&strip=0&vwsrc=0" failed with error code 404 (not found)

---------------------

2023/5/5, 12:51:25 - ERROR: URL for "mailto:support@antbot-ai.org/robots.txt" could not be created
2023/5/5, 12:51:25 - ERROR: Download of "mailto:support@antbot-ai.org", on page 1 of "/Users/guhhhhaa/Downloads/us.sitesucker.mac.sitesucker-pro/www.antbot-ai.org/index.pdf", failed with error code -1002 (unsupported URL)

---------------------

2023/5/5, 12:55:12 - ERROR: URL for "mailto:ANTBOT.ID@GMAIL.COM?subject=Ask%20anything/robots.txt" could not be created
2023/5/5, 12:55:12 - ERROR: URL for "mailto:ANTBOT.ID@GMAIL.COM/robots.txt" could not be created
2023/5/5, 12:55:13 - ERROR: Download of "mailto:ANTBOT.ID@GMAIL.COM", on page 1 of "/Users/guhhhhaa/Downloads/us.sitesucker.mac.sitesucker-pro/zh.antrobotai.info/copy-of-home/index.pdf", failed with error code -1002 (unsupported URL)
2023/5/5, 12:55:13 - ERROR: Download of "mailto:ANTBOT.ID@GMAIL.COM?subject=Ask%20anything", on page 1 of "/Users/guhhhhaa/Downloads/us.sitesucker.mac.sitesucker-pro/zh.antrobotai.info/copy-of-home/index.pdf", failed with error code -1002 (unsupported URL)

---------------------

2023/5/5, 12:57:13 - ERROR: URL for "mailto:ANTBOT.ID@GMAIL.COM?subject=Ask%20anything/robots.txt" could not be created
2023/5/5, 12:57:13 - ERROR: URL for "mailto:ANTBOT.ID@GMAIL.COM/robots.txt" could not be created
2023/5/5, 12:57:14 - ERROR: Download of "mailto:ANTBOT.ID@GMAIL.COM?subject=Ask%20anything", on page 1 of "/Users/guhhhhaa/Downloads/us.sitesucker.mac.sitesucker-pro/zh.antrobotai.info/copy-of-home/index.pdf", failed with error code -1002 (unsupported URL)
2023/5/5, 12:57:14 - ERROR: Download of "mailto:ANTBOT.ID@GMAIL.COM", on page 1 of "/Users/guhhhhaa/Downloads/us.sitesucker.mac.sitesucker-pro/zh.antrobotai.info/copy-of-home/index.pdf", failed with error code -1002 (unsupported URL)

---------------------

2023/5/5, 12:58:42 - ERROR: URL for "mailto:ANTBOT.ID@GMAIL.COM?subject=Ask%20anything/robots.txt" could not be created
2023/5/5, 12:58:42 - ERROR: Download of "mailto:ANTBOT.ID@GMAIL.COM?subject=Ask%20anything", on page 1 of "/Users/guhhhhaa/Downloads/us.sitesucker.mac.sitesucker-pro/zh.antrobotai.info/copy-of-home/index.pdf", failed with error code -1002 (unsupported URL)
2023/5/5, 12:58:42 - ERROR: URL for "mailto:ANTBOT.ID@GMAIL.COM/robots.txt" could not be created
2023/5/5, 12:58:43 - ERROR: Download of "mailto:ANTBOT.ID@GMAIL.COM", on page 1 of "/Users/guhhhhaa/Downloads/us.sitesucker.mac.sitesucker-pro/zh.antrobotai.info/copy-of-home/index.pdf", failed with error code -1002 (unsupported URL)

---------------------

2023/5/5, 13:01:08 - ERROR: URL for "mailto:ANTBOT.ID@GMAIL.COM?subject=Ask%20anything/robots.txt" could not be created
2023/5/5, 13:01:08 - ERROR: URL for "mailto:ANTBOT.ID@GMAIL.COM/robots.txt" could not be created
2023/5/5, 13:01:09 - ERROR: Download of "mailto:ANTBOT.ID@GMAIL.COM", on page 1 of "/Users/guhhhhaa/Downloads/us.sitesucker.mac.sitesucker-pro/de.antrobotai.info/copy-of-home/index.pdf", failed with error code -1002 (unsupported URL)
2023/5/5, 13:01:09 - ERROR: Download of "mailto:ANTBOT.ID@GMAIL.COM?subject=Ask%20anything", on page 1 of "/Users/guhhhhaa/Downloads/us.sitesucker.mac.sitesucker-pro/de.antrobotai.info/copy-of-home/index.pdf", failed with error code -1002 (unsupported URL)

---------------------
